<?xml version="1.0" encoding="UTF-8" ?>
<testsuite tests="26" failures="1" name="com.propine.tests.PropineDateTest" time="0.536" errors="0" skipped="25">
  <properties>
    <property name="java.runtime.name" value="Java(TM) SE Runtime Environment"/>
    <property name="java.vm.version" value="11.0.5+10-LTS"/>
    <property name="sun.boot.library.path" value="/Library/Java/JavaVirtualMachines/jdk-11.0.5.jdk/Contents/Home/lib"/>
    <property name="browser" value="firefox"/>
    <property name="gopherProxySet" value="false"/>
    <property name="maven.multiModuleProjectDirectory" value="/Users/administrator/Downloads/Propine"/>
    <property name="java.vm.vendor" value="Oracle Corporation"/>
    <property name="java.vendor.url" value="http://java.oracle.com/"/>
    <property name="guice.disable.misplaced.annotation.check" value="true"/>
    <property name="path.separator" value=":"/>
    <property name="java.vm.name" value="Java HotSpot(TM) 64-Bit Server VM"/>
    <property name="sun.os.patch.level" value="unknown"/>
    <property name="user.country" value="US"/>
    <property name="sun.java.launcher" value="SUN_STANDARD"/>
    <property name="java.vm.specification.name" value="Java Virtual Machine Specification"/>
    <property name="user.dir" value="/Users/administrator/Downloads/Propine"/>
    <property name="java.vm.compressedOopsMode" value="Zero based"/>
    <property name="java.runtime.version" value="11.0.5+10-LTS"/>
    <property name="java.awt.graphicsenv" value="sun.awt.CGraphicsEnvironment"/>
    <property name="os.arch" value="x86_64"/>
    <property name="java.io.tmpdir" value="/var/folders/0b/ckcpsngn0pb0q4x1tvcf01400000gn/T/"/>
    <property name="line.separator" value="
"/>
    <property name="java.vm.specification.vendor" value="Oracle Corporation"/>
    <property name="os.name" value="Mac OS X"/>
    <property name="classworlds.conf" value="/usr/local/Cellar/maven/3.6.3_1/libexec/bin/m2.conf"/>
    <property name="sun.jnu.encoding" value="UTF-8"/>
    <property name="java.library.path" value="/Users/administrator/Library/Java/Extensions:/Library/Java/Extensions:/Network/Library/Java/Extensions:/System/Library/Java/Extensions:/usr/lib/java:."/>
    <property name="maven.conf" value="/usr/local/Cellar/maven/3.6.3_1/libexec/conf"/>
    <property name="jdk.debug" value="release"/>
    <property name="java.class.version" value="55.0"/>
    <property name="java.specification.name" value="Java Platform API Specification"/>
    <property name="sun.management.compiler" value="HotSpot 64-Bit Tiered Compilers"/>
    <property name="os.version" value="10.14.6"/>
    <property name="library.jansi.path" value="/usr/local/Cellar/maven/3.6.3_1/libexec/lib/jansi-native"/>
    <property name="http.nonProxyHosts" value="local|*.local|169.254/16|*.169.254/16"/>
    <property name="user.home" value="/Users/administrator"/>
    <property name="user.timezone" value="Asia/Kolkata"/>
    <property name="java.awt.printerjob" value="sun.lwawt.macosx.CPrinterJob"/>
    <property name="file.encoding" value="UTF-8"/>
    <property name="java.specification.version" value="11"/>
    <property name="user.name" value="administrator"/>
    <property name="java.class.path" value="/usr/local/Cellar/maven/3.6.3_1/libexec/boot/plexus-classworlds-2.6.0.jar"/>
    <property name="java.vm.specification.version" value="11"/>
    <property name="sun.arch.data.model" value="64"/>
    <property name="sun.java.command" value="org.codehaus.plexus.classworlds.launcher.Launcher test -Dbrowser=firefox"/>
    <property name="java.home" value="/Library/Java/JavaVirtualMachines/jdk-11.0.5.jdk/Contents/Home"/>
    <property name="user.language" value="en"/>
    <property name="java.specification.vendor" value="Oracle Corporation"/>
    <property name="awt.toolkit" value="sun.lwawt.macosx.LWCToolkit"/>
    <property name="java.vm.info" value="mixed mode"/>
    <property name="java.version" value="11.0.5"/>
    <property name="java.vendor" value="Oracle Corporation"/>
    <property name="maven.home" value="/usr/local/Cellar/maven/3.6.3_1/libexec"/>
    <property name="file.separator" value="/"/>
    <property name="java.version.date" value="2019-10-15"/>
    <property name="java.vendor.url.bug" value="http://bugreport.java.com/bugreport/"/>
    <property name="sun.io.unicode.encoding" value="UnicodeBig"/>
    <property name="sun.cpu.endian" value="little"/>
    <property name="java.vendor.version" value="18.9"/>
    <property name="socksNonProxyHosts" value="local|*.local|169.254/16|*.169.254/16"/>
    <property name="ftp.nonProxyHosts" value="local|*.local|169.254/16|*.169.254/16"/>
    <property name="sun.cpu.isalist" value=""/>
  </properties>
  <testcase classname="com.propine.tests.PropineDateTest" name="initialize" time="0.528">
    <failure message="The path to the driver executable must be set by the webdriver.gecko.driver system property; for more information, see https://github.com/mozilla/geckodriver. The latest version can be downloaded from https://github.com/mozilla/geckodriver/releases" type="java.lang.IllegalStateException">java.lang.IllegalStateException: The path to the driver executable must be set by the webdriver.gecko.driver system property; for more information, see https://github.com/mozilla/geckodriver. The latest version can be downloaded from https://github.com/mozilla/geckodriver/releases
	at com.google.common.base.Preconditions.checkState(Preconditions.java:754)
	at org.openqa.selenium.remote.service.DriverService.findExecutable(DriverService.java:124)
	at org.openqa.selenium.firefox.GeckoDriverService.access$100(GeckoDriverService.java:40)
	at org.openqa.selenium.firefox.GeckoDriverService$Builder.findDefaultExecutable(GeckoDriverService.java:114)
	at org.openqa.selenium.remote.service.DriverService$Builder.build(DriverService.java:329)
	at org.openqa.selenium.firefox.FirefoxDriver.toExecutor(FirefoxDriver.java:150)
	at org.openqa.selenium.firefox.FirefoxDriver.&lt;init&gt;(FirefoxDriver.java:120)
	at org.openqa.selenium.firefox.FirefoxDriver.&lt;init&gt;(FirefoxDriver.java:98)
	at common.Base.initializeDriver(Base.java:36)
	at com.propine.tests.PropineDateTest.initialize(PropineDateTest.java:16)
</failure>
    <system-out>Configuring TestNG with: org.apache.maven.surefire.testng.conf.TestNG652Configurator@5a1c0542
</system-out>
  </testcase>
  <testcase classname="com.propine.tests.PropineDateTest" name="invalidDateTest" time="0.001">
    <skipped/>
  </testcase>
  <testcase classname="com.propine.tests.PropineDateTest" name="invalidDateTest" time="0">
    <skipped/>
  </testcase>
  <testcase classname="com.propine.tests.PropineDateTest" name="invalidDateTest" time="0">
    <skipped/>
  </testcase>
  <testcase classname="com.propine.tests.PropineDateTest" name="invalidDateTest" time="0">
    <skipped/>
  </testcase>
  <testcase classname="com.propine.tests.PropineDateTest" name="invalidDateTest" time="0">
    <skipped/>
  </testcase>
  <testcase classname="com.propine.tests.PropineDateTest" name="invalidDateTest" time="0">
    <skipped/>
  </testcase>
  <testcase classname="com.propine.tests.PropineDateTest" name="invalidDateTest" time="0">
    <skipped/>
  </testcase>
  <testcase classname="com.propine.tests.PropineDateTest" name="invalidDateTest" time="0">
    <skipped/>
  </testcase>
  <testcase classname="com.propine.tests.PropineDateTest" name="invalidDateTest" time="0">
    <skipped/>
  </testcase>
  <testcase classname="com.propine.tests.PropineDateTest" name="validDateTest" time="0">
    <skipped/>
  </testcase>
  <testcase classname="com.propine.tests.PropineDateTest" name="validDateTest" time="0.001">
    <skipped/>
  </testcase>
  <testcase classname="com.propine.tests.PropineDateTest" name="validDateTest" time="0">
    <skipped/>
  </testcase>
  <testcase classname="com.propine.tests.PropineDateTest" name="validDateTest" time="0.001">
    <skipped/>
  </testcase>
  <testcase classname="com.propine.tests.PropineDateTest" name="validDateTest" time="0">
    <skipped/>
  </testcase>
  <testcase classname="com.propine.tests.PropineDateTest" name="validDateTest" time="0">
    <skipped/>
  </testcase>
  <testcase classname="com.propine.tests.PropineDateTest" name="validDateTest" time="0">
    <skipped/>
  </testcase>
  <testcase classname="com.propine.tests.PropineDateTest" name="validDateTest" time="0">
    <skipped/>
  </testcase>
  <testcase classname="com.propine.tests.PropineDateTest" name="validDateTest" time="0.001">
    <skipped/>
  </testcase>
  <testcase classname="com.propine.tests.PropineDateTest" name="validDateTest" time="0.001">
    <skipped/>
  </testcase>
  <testcase classname="com.propine.tests.PropineDateTest" name="validDateTest" time="0">
    <skipped/>
  </testcase>
  <testcase classname="com.propine.tests.PropineDateTest" name="validDateTest" time="0">
    <skipped/>
  </testcase>
  <testcase classname="com.propine.tests.PropineDateTest" name="validDateTest" time="0">
    <skipped/>
  </testcase>
  <testcase classname="com.propine.tests.PropineDateTest" name="validDateTest" time="0">
    <skipped/>
  </testcase>
  <testcase classname="com.propine.tests.PropineDateTest" name="validDateTest" time="0">
    <skipped/>
  </testcase>
  <testcase classname="com.propine.tests.PropineDateTest" name="teardown" time="0.003">
    <skipped/>
  </testcase>
</testsuite>