<?xml version="1.0" encoding="UTF-8"?>
<testng-results ignored="0" total="24" passed="18" failed="6" skipped="0">
  <reporter-output>
  </reporter-output>
  <suite started-at="2020-05-18T21:07:45 IST" name="Date Parser Test Suite" finished-at="2020-05-18T21:08:26 IST" duration-ms="40340">
    <groups>
    </groups>
    <test started-at="2020-05-18T21:07:45 IST" name="PropineDateTest" finished-at="2020-05-18T21:08:26 IST" duration-ms="40340">
      <class name="com.propine.tests.PropineDateTest">
        <test-method is-config="true" signature="initialize()[pri:0, instance:com.propine.tests.PropineDateTest@5ffead27]" started-at="2020-05-18T21:07:45 IST" name="initialize" finished-at="2020-05-18T21:07:48 IST" duration-ms="2727" status="PASS">
          <reporter-output>
          </reporter-output>
        </test-method> <!-- initialize -->
        <test-method signature="validDateTest(java.lang.String, java.lang.String)[pri:0, instance:com.propine.tests.PropineDateTest@5ffead27]" started-at="2020-05-18T21:07:48 IST" name="validDateTest" data-provider="getData" finished-at="2020-05-18T21:07:51 IST" duration-ms="3150" status="PASS">
          <params>
            <param index="0">
              <value>
                <![CDATA[05/16/2020]]>
              </value>
            </param>
            <param index="1">
              <value>
                <![CDATA[MM/dd/yyyy]]>
              </value>
            </param>
          </params>
          <reporter-output>
          </reporter-output>
        </test-method> <!-- validDateTest -->
        <test-method signature="validDateTest(java.lang.String, java.lang.String)[pri:0, instance:com.propine.tests.PropineDateTest@5ffead27]" started-at="2020-05-18T21:07:51 IST" name="validDateTest" data-provider="getData" finished-at="2020-05-18T21:07:53 IST" duration-ms="1388" status="PASS">
          <params>
            <param index="0">
              <value>
                <![CDATA[2020/05/16]]>
              </value>
            </param>
            <param index="1">
              <value>
                <![CDATA[yyyy/MM/dd]]>
              </value>
            </param>
          </params>
          <reporter-output>
          </reporter-output>
        </test-method> <!-- validDateTest -->
        <test-method signature="validDateTest(java.lang.String, java.lang.String)[pri:0, instance:com.propine.tests.PropineDateTest@5ffead27]" started-at="2020-05-18T21:07:53 IST" name="validDateTest" data-provider="getData" finished-at="2020-05-18T21:07:54 IST" duration-ms="1371" status="PASS">
          <params>
            <param index="0">
              <value>
                <![CDATA[05/01/20]]>
              </value>
            </param>
            <param index="1">
              <value>
                <![CDATA[MM/dd/yy]]>
              </value>
            </param>
          </params>
          <reporter-output>
          </reporter-output>
        </test-method> <!-- validDateTest -->
        <test-method signature="validDateTest(java.lang.String, java.lang.String)[pri:0, instance:com.propine.tests.PropineDateTest@5ffead27]" started-at="2020-05-18T21:07:54 IST" name="validDateTest" data-provider="getData" finished-at="2020-05-18T21:07:56 IST" duration-ms="1536" status="PASS">
          <params>
            <param index="0">
              <value>
                <![CDATA[80/01/20]]>
              </value>
            </param>
            <param index="1">
              <value>
                <![CDATA[yy/MM/dd]]>
              </value>
            </param>
          </params>
          <reporter-output>
          </reporter-output>
        </test-method> <!-- validDateTest -->
        <test-method signature="validDateTest(java.lang.String, java.lang.String)[pri:0, instance:com.propine.tests.PropineDateTest@5ffead27]" started-at="2020-05-18T21:07:56 IST" name="validDateTest" data-provider="getData" finished-at="2020-05-18T21:07:57 IST" duration-ms="1595" status="PASS">
          <params>
            <param index="0">
              <value>
                <![CDATA[Jun 20,2020]]>
              </value>
            </param>
            <param index="1">
              <value>
                <![CDATA[MMM dd,yyyy]]>
              </value>
            </param>
          </params>
          <reporter-output>
          </reporter-output>
        </test-method> <!-- validDateTest -->
        <test-method signature="validDateTest(java.lang.String, java.lang.String)[pri:0, instance:com.propine.tests.PropineDateTest@5ffead27]" started-at="2020-05-18T21:07:57 IST" name="validDateTest" data-provider="getData" finished-at="2020-05-18T21:07:59 IST" duration-ms="1431" status="PASS">
          <params>
            <param index="0">
              <value>
                <![CDATA[Mon May 18,2020]]>
              </value>
            </param>
            <param index="1">
              <value>
                <![CDATA[EEE MMM dd,yyyy]]>
              </value>
            </param>
          </params>
          <reporter-output>
          </reporter-output>
        </test-method> <!-- validDateTest -->
        <test-method signature="validDateTest(java.lang.String, java.lang.String)[pri:0, instance:com.propine.tests.PropineDateTest@5ffead27]" started-at="2020-05-18T21:07:59 IST" name="validDateTest" data-provider="getData" finished-at="2020-05-18T21:08:00 IST" duration-ms="1458" status="PASS">
          <params>
            <param index="0">
              <value>
                <![CDATA[Saturday May 16,2020]]>
              </value>
            </param>
            <param index="1">
              <value>
                <![CDATA[EEEE MMM dd,yyyy]]>
              </value>
            </param>
          </params>
          <reporter-output>
          </reporter-output>
        </test-method> <!-- validDateTest -->
        <test-method signature="validDateTest(java.lang.String, java.lang.String)[pri:0, instance:com.propine.tests.PropineDateTest@5ffead27]" started-at="2020-05-18T21:08:00 IST" name="validDateTest" data-provider="getData" finished-at="2020-05-18T21:08:01 IST" duration-ms="1301" status="PASS">
          <params>
            <param index="0">
              <value>
                <![CDATA[10-01-20]]>
              </value>
            </param>
            <param index="1">
              <value>
                <![CDATA[MM-dd-yy]]>
              </value>
            </param>
          </params>
          <reporter-output>
          </reporter-output>
        </test-method> <!-- validDateTest -->
        <test-method signature="validDateTest(java.lang.String, java.lang.String)[pri:0, instance:com.propine.tests.PropineDateTest@5ffead27]" started-at="2020-05-18T21:08:01 IST" name="validDateTest" data-provider="getData" finished-at="2020-05-18T21:08:03 IST" duration-ms="1765" status="PASS">
          <params>
            <param index="0">
              <value>
                <![CDATA[5/1/20]]>
              </value>
            </param>
            <param index="1">
              <value>
                <![CDATA[M/d/yy]]>
              </value>
            </param>
          </params>
          <reporter-output>
          </reporter-output>
        </test-method> <!-- validDateTest -->
        <test-method signature="validDateTest(java.lang.String, java.lang.String)[pri:0, instance:com.propine.tests.PropineDateTest@5ffead27]" started-at="2020-05-18T21:08:03 IST" name="validDateTest" data-provider="getData" finished-at="2020-05-18T21:08:04 IST" duration-ms="1296" status="PASS">
          <params>
            <param index="0">
              <value>
                <![CDATA[2020-05-16]]>
              </value>
            </param>
            <param index="1">
              <value>
                <![CDATA[yyyy-MM-dd]]>
              </value>
            </param>
          </params>
          <reporter-output>
          </reporter-output>
        </test-method> <!-- validDateTest -->
        <test-method signature="validDateTest(java.lang.String, java.lang.String)[pri:0, instance:com.propine.tests.PropineDateTest@5ffead27]" started-at="2020-05-18T21:08:04 IST" name="validDateTest" data-provider="getData" finished-at="2020-05-18T21:08:06 IST" duration-ms="1517" status="PASS">
          <params>
            <param index="0">
              <value>
                <![CDATA[Feb 29,2020]]>
              </value>
            </param>
            <param index="1">
              <value>
                <![CDATA[MMM dd,yyyy]]>
              </value>
            </param>
          </params>
          <reporter-output>
          </reporter-output>
        </test-method> <!-- validDateTest -->
        <test-method signature="validDateTest(java.lang.String, java.lang.String)[pri:0, instance:com.propine.tests.PropineDateTest@5ffead27]" started-at="2020-05-18T21:08:06 IST" name="validDateTest" data-provider="getData" finished-at="2020-05-18T21:08:07 IST" duration-ms="1564" status="FAIL">
          <params>
            <param index="0">
              <value>
                <![CDATA[Feb 01]]>
              </value>
            </param>
            <param index="1">
              <value>
                <![CDATA[MMM dd]]>
              </value>
            </param>
          </params>
          <exception class="java.lang.AssertionError">
            <message>
              <![CDATA[expected [Thu Feb 01 00:00:00 IST 2001] but found [Sun Feb 01 00:00:00 IST 1970]]]>
            </message>
            <full-stacktrace>
              <![CDATA[java.lang.AssertionError: expected [Thu Feb 01 00:00:00 IST 2001] but found [Sun Feb 01 00:00:00 IST 1970]
at org.testng.Assert.fail(Assert.java:97)
at org.testng.Assert.assertEqualsImpl(Assert.java:136)
at org.testng.Assert.assertEquals(Assert.java:118)
at org.testng.Assert.assertEquals(Assert.java:563)
at com.propine.tests.PropineDateTest.validDateTest(PropineDateTest.java:32)
at java.base/jdk.internal.reflect.NativeMethodAccessorImpl.invoke0(Native Method)
at java.base/jdk.internal.reflect.NativeMethodAccessorImpl.invoke(NativeMethodAccessorImpl.java:62)
at java.base/jdk.internal.reflect.DelegatingMethodAccessorImpl.invoke(DelegatingMethodAccessorImpl.java:43)
at java.base/java.lang.reflect.Method.invoke(Method.java:566)
at org.testng.internal.MethodInvocationHelper.invokeMethod(MethodInvocationHelper.java:134)
at org.testng.internal.TestInvoker.invokeMethod(TestInvoker.java:597)
at org.testng.internal.TestInvoker.invokeTestMethod(TestInvoker.java:173)
at org.testng.internal.MethodRunner.runInSequence(MethodRunner.java:46)
at org.testng.internal.TestInvoker$MethodInvocationAgent.invoke(TestInvoker.java:816)
at org.testng.internal.TestInvoker.invokeTestMethods(TestInvoker.java:146)
at org.testng.internal.TestMethodWorker.invokeTestMethods(TestMethodWorker.java:146)
at org.testng.internal.TestMethodWorker.run(TestMethodWorker.java:128)
at java.base/java.util.ArrayList.forEach(ArrayList.java:1540)
at org.testng.TestRunner.privateRun(TestRunner.java:766)
at org.testng.TestRunner.run(TestRunner.java:587)
at org.testng.SuiteRunner.runTest(SuiteRunner.java:384)
at org.testng.SuiteRunner.runSequentially(SuiteRunner.java:378)
at org.testng.SuiteRunner.privateRun(SuiteRunner.java:337)
at org.testng.SuiteRunner.run(SuiteRunner.java:286)
at org.testng.SuiteRunnerWorker.runSuite(SuiteRunnerWorker.java:53)
at org.testng.SuiteRunnerWorker.run(SuiteRunnerWorker.java:96)
at org.testng.TestNG.runSuitesSequentially(TestNG.java:1187)
at org.testng.TestNG.runSuitesLocally(TestNG.java:1109)
at org.testng.TestNG.runSuites(TestNG.java:1039)
at org.testng.TestNG.run(TestNG.java:1007)
at org.testng.IDEARemoteTestNG.run(IDEARemoteTestNG.java:73)
at org.testng.RemoteTestNGStarter.main(RemoteTestNGStarter.java:123)
]]>
            </full-stacktrace>
          </exception> <!-- java.lang.AssertionError -->
          <reporter-output>
          </reporter-output>
        </test-method> <!-- validDateTest -->
        <test-method signature="validDateTest(java.lang.String, java.lang.String)[pri:0, instance:com.propine.tests.PropineDateTest@5ffead27]" started-at="2020-05-18T21:08:08 IST" name="validDateTest" data-provider="getData" finished-at="2020-05-18T21:08:09 IST" duration-ms="1484" status="PASS">
          <params>
            <param index="0">
              <value>
                <![CDATA[12/31/2020]]>
              </value>
            </param>
            <param index="1">
              <value>
                <![CDATA[MM/dd/yyyy]]>
              </value>
            </param>
          </params>
          <reporter-output>
          </reporter-output>
        </test-method> <!-- validDateTest -->
        <test-method signature="validDateTest(java.lang.String, java.lang.String)[pri:0, instance:com.propine.tests.PropineDateTest@5ffead27]" started-at="2020-05-18T21:08:09 IST" name="validDateTest" data-provider="getData" finished-at="2020-05-18T21:08:10 IST" duration-ms="1359" status="FAIL">
          <params>
            <param index="0">
              <value>
                <![CDATA[05/10]]>
              </value>
            </param>
            <param index="1">
              <value>
                <![CDATA[MM/dd]]>
              </value>
            </param>
          </params>
          <exception class="java.lang.AssertionError">
            <message>
              <![CDATA[expected [Thu May 10 00:00:00 IST 2001] but found [Sun May 10 00:00:00 IST 1970]]]>
            </message>
            <full-stacktrace>
              <![CDATA[java.lang.AssertionError: expected [Thu May 10 00:00:00 IST 2001] but found [Sun May 10 00:00:00 IST 1970]
at org.testng.Assert.fail(Assert.java:97)
at org.testng.Assert.assertEqualsImpl(Assert.java:136)
at org.testng.Assert.assertEquals(Assert.java:118)
at org.testng.Assert.assertEquals(Assert.java:563)
at com.propine.tests.PropineDateTest.validDateTest(PropineDateTest.java:32)
at java.base/jdk.internal.reflect.NativeMethodAccessorImpl.invoke0(Native Method)
at java.base/jdk.internal.reflect.NativeMethodAccessorImpl.invoke(NativeMethodAccessorImpl.java:62)
at java.base/jdk.internal.reflect.DelegatingMethodAccessorImpl.invoke(DelegatingMethodAccessorImpl.java:43)
at java.base/java.lang.reflect.Method.invoke(Method.java:566)
at org.testng.internal.MethodInvocationHelper.invokeMethod(MethodInvocationHelper.java:134)
at org.testng.internal.TestInvoker.invokeMethod(TestInvoker.java:597)
at org.testng.internal.TestInvoker.invokeTestMethod(TestInvoker.java:173)
at org.testng.internal.MethodRunner.runInSequence(MethodRunner.java:46)
at org.testng.internal.TestInvoker$MethodInvocationAgent.invoke(TestInvoker.java:816)
at org.testng.internal.TestInvoker.invokeTestMethods(TestInvoker.java:146)
at org.testng.internal.TestMethodWorker.invokeTestMethods(TestMethodWorker.java:146)
at org.testng.internal.TestMethodWorker.run(TestMethodWorker.java:128)
at java.base/java.util.ArrayList.forEach(ArrayList.java:1540)
at org.testng.TestRunner.privateRun(TestRunner.java:766)
at org.testng.TestRunner.run(TestRunner.java:587)
at org.testng.SuiteRunner.runTest(SuiteRunner.java:384)
at org.testng.SuiteRunner.runSequentially(SuiteRunner.java:378)
at org.testng.SuiteRunner.privateRun(SuiteRunner.java:337)
at org.testng.SuiteRunner.run(SuiteRunner.java:286)
at org.testng.SuiteRunnerWorker.runSuite(SuiteRunnerWorker.java:53)
at org.testng.SuiteRunnerWorker.run(SuiteRunnerWorker.java:96)
at org.testng.TestNG.runSuitesSequentially(TestNG.java:1187)
at org.testng.TestNG.runSuitesLocally(TestNG.java:1109)
at org.testng.TestNG.runSuites(TestNG.java:1039)
at org.testng.TestNG.run(TestNG.java:1007)
at org.testng.IDEARemoteTestNG.run(IDEARemoteTestNG.java:73)
at org.testng.RemoteTestNGStarter.main(RemoteTestNGStarter.java:123)
]]>
            </full-stacktrace>
          </exception> <!-- java.lang.AssertionError -->
          <reporter-output>
          </reporter-output>
        </test-method> <!-- validDateTest -->
        <test-method signature="validDateTest(java.lang.String, java.lang.String)[pri:0, instance:com.propine.tests.PropineDateTest@5ffead27]" started-at="2020-05-18T21:08:10 IST" name="validDateTest" data-provider="getData" finished-at="2020-05-18T21:08:12 IST" duration-ms="1552" status="PASS">
          <params>
            <param index="0">
              <value>
                <![CDATA[10 Jan,2020]]>
              </value>
            </param>
            <param index="1">
              <value>
                <![CDATA[dd MMM,yyyy]]>
              </value>
            </param>
          </params>
          <reporter-output>
          </reporter-output>
        </test-method> <!-- validDateTest -->
        <test-method signature="invalidDateTest(java.lang.String)[pri:0, instance:com.propine.tests.PropineDateTest@5ffead27]" started-at="2020-05-18T21:08:12 IST" name="invalidDateTest" data-provider="getInvalidData" finished-at="2020-05-18T21:08:14 IST" duration-ms="1870" status="PASS">
          <params>
            <param index="0">
              <value>
                <![CDATA[ ]]>
              </value>
            </param>
          </params>
          <reporter-output>
          </reporter-output>
        </test-method> <!-- invalidDateTest -->
        <test-method signature="invalidDateTest(java.lang.String)[pri:0, instance:com.propine.tests.PropineDateTest@5ffead27]" started-at="2020-05-18T21:08:14 IST" name="invalidDateTest" data-provider="getInvalidData" finished-at="2020-05-18T21:08:15 IST" duration-ms="1386" status="PASS">
          <params>
            <param index="0">
              <value>
                <![CDATA[0000/00/00]]>
              </value>
            </param>
          </params>
          <reporter-output>
          </reporter-output>
        </test-method> <!-- invalidDateTest -->
        <test-method signature="invalidDateTest(java.lang.String)[pri:0, instance:com.propine.tests.PropineDateTest@5ffead27]" started-at="2020-05-18T21:08:15 IST" name="invalidDateTest" data-provider="getInvalidData" finished-at="2020-05-18T21:08:17 IST" duration-ms="1446" status="FAIL">
          <params>
            <param index="0">
              <value>
                <![CDATA[-05/16/2020]]>
              </value>
            </param>
          </params>
          <exception class="java.lang.AssertionError">
            <message>
              <![CDATA[expected [Invalid date] but found [Sat May 16 2020 00:00:00 GMT+0000]]]>
            </message>
            <full-stacktrace>
              <![CDATA[java.lang.AssertionError: expected [Invalid date] but found [Sat May 16 2020 00:00:00 GMT+0000]
at org.testng.Assert.fail(Assert.java:97)
at org.testng.Assert.assertEqualsImpl(Assert.java:136)
at org.testng.Assert.assertEquals(Assert.java:118)
at org.testng.Assert.assertEquals(Assert.java:575)
at org.testng.Assert.assertEquals(Assert.java:585)
at com.propine.tests.PropineDateTest.invalidDateTest(PropineDateTest.java:95)
at java.base/jdk.internal.reflect.NativeMethodAccessorImpl.invoke0(Native Method)
at java.base/jdk.internal.reflect.NativeMethodAccessorImpl.invoke(NativeMethodAccessorImpl.java:62)
at java.base/jdk.internal.reflect.DelegatingMethodAccessorImpl.invoke(DelegatingMethodAccessorImpl.java:43)
at java.base/java.lang.reflect.Method.invoke(Method.java:566)
at org.testng.internal.MethodInvocationHelper.invokeMethod(MethodInvocationHelper.java:134)
at org.testng.internal.TestInvoker.invokeMethod(TestInvoker.java:597)
at org.testng.internal.TestInvoker.invokeTestMethod(TestInvoker.java:173)
at org.testng.internal.MethodRunner.runInSequence(MethodRunner.java:46)
at org.testng.internal.TestInvoker$MethodInvocationAgent.invoke(TestInvoker.java:816)
at org.testng.internal.TestInvoker.invokeTestMethods(TestInvoker.java:146)
at org.testng.internal.TestMethodWorker.invokeTestMethods(TestMethodWorker.java:146)
at org.testng.internal.TestMethodWorker.run(TestMethodWorker.java:128)
at java.base/java.util.ArrayList.forEach(ArrayList.java:1540)
at org.testng.TestRunner.privateRun(TestRunner.java:766)
at org.testng.TestRunner.run(TestRunner.java:587)
at org.testng.SuiteRunner.runTest(SuiteRunner.java:384)
at org.testng.SuiteRunner.runSequentially(SuiteRunner.java:378)
at org.testng.SuiteRunner.privateRun(SuiteRunner.java:337)
at org.testng.SuiteRunner.run(SuiteRunner.java:286)
at org.testng.SuiteRunnerWorker.runSuite(SuiteRunnerWorker.java:53)
at org.testng.SuiteRunnerWorker.run(SuiteRunnerWorker.java:96)
at org.testng.TestNG.runSuitesSequentially(TestNG.java:1187)
at org.testng.TestNG.runSuitesLocally(TestNG.java:1109)
at org.testng.TestNG.runSuites(TestNG.java:1039)
at org.testng.TestNG.run(TestNG.java:1007)
at org.testng.IDEARemoteTestNG.run(IDEARemoteTestNG.java:73)
at org.testng.RemoteTestNGStarter.main(RemoteTestNGStarter.java:123)
]]>
            </full-stacktrace>
          </exception> <!-- java.lang.AssertionError -->
          <reporter-output>
          </reporter-output>
        </test-method> <!-- invalidDateTest -->
        <test-method signature="invalidDateTest(java.lang.String)[pri:0, instance:com.propine.tests.PropineDateTest@5ffead27]" started-at="2020-05-18T21:08:17 IST" name="invalidDateTest" data-provider="getInvalidData" finished-at="2020-05-18T21:08:18 IST" duration-ms="1522" status="PASS">
          <params>
            <param index="0">
              <value>
                <![CDATA[15/15/2020]]>
              </value>
            </param>
          </params>
          <reporter-output>
          </reporter-output>
        </test-method> <!-- invalidDateTest -->
        <test-method signature="invalidDateTest(java.lang.String)[pri:0, instance:com.propine.tests.PropineDateTest@5ffead27]" started-at="2020-05-18T21:08:18 IST" name="invalidDateTest" data-provider="getInvalidData" finished-at="2020-05-18T21:08:20 IST" duration-ms="1444" status="FAIL">
          <params>
            <param index="0">
              <value>
                <![CDATA[Jun 31,2020]]>
              </value>
            </param>
          </params>
          <exception class="java.lang.AssertionError">
            <message>
              <![CDATA[expected [Invalid date] but found [Wed Jul 01 2020 00:00:00 GMT+0000]]]>
            </message>
            <full-stacktrace>
              <![CDATA[java.lang.AssertionError: expected [Invalid date] but found [Wed Jul 01 2020 00:00:00 GMT+0000]
at org.testng.Assert.fail(Assert.java:97)
at org.testng.Assert.assertEqualsImpl(Assert.java:136)
at org.testng.Assert.assertEquals(Assert.java:118)
at org.testng.Assert.assertEquals(Assert.java:575)
at org.testng.Assert.assertEquals(Assert.java:585)
at com.propine.tests.PropineDateTest.invalidDateTest(PropineDateTest.java:95)
at java.base/jdk.internal.reflect.NativeMethodAccessorImpl.invoke0(Native Method)
at java.base/jdk.internal.reflect.NativeMethodAccessorImpl.invoke(NativeMethodAccessorImpl.java:62)
at java.base/jdk.internal.reflect.DelegatingMethodAccessorImpl.invoke(DelegatingMethodAccessorImpl.java:43)
at java.base/java.lang.reflect.Method.invoke(Method.java:566)
at org.testng.internal.MethodInvocationHelper.invokeMethod(MethodInvocationHelper.java:134)
at org.testng.internal.TestInvoker.invokeMethod(TestInvoker.java:597)
at org.testng.internal.TestInvoker.invokeTestMethod(TestInvoker.java:173)
at org.testng.internal.MethodRunner.runInSequence(MethodRunner.java:46)
at org.testng.internal.TestInvoker$MethodInvocationAgent.invoke(TestInvoker.java:816)
at org.testng.internal.TestInvoker.invokeTestMethods(TestInvoker.java:146)
at org.testng.internal.TestMethodWorker.invokeTestMethods(TestMethodWorker.java:146)
at org.testng.internal.TestMethodWorker.run(TestMethodWorker.java:128)
at java.base/java.util.ArrayList.forEach(ArrayList.java:1540)
at org.testng.TestRunner.privateRun(TestRunner.java:766)
at org.testng.TestRunner.run(TestRunner.java:587)
at org.testng.SuiteRunner.runTest(SuiteRunner.java:384)
at org.testng.SuiteRunner.runSequentially(SuiteRunner.java:378)
at org.testng.SuiteRunner.privateRun(SuiteRunner.java:337)
at org.testng.SuiteRunner.run(SuiteRunner.java:286)
at org.testng.SuiteRunnerWorker.runSuite(SuiteRunnerWorker.java:53)
at org.testng.SuiteRunnerWorker.run(SuiteRunnerWorker.java:96)
at org.testng.TestNG.runSuitesSequentially(TestNG.java:1187)
at org.testng.TestNG.runSuitesLocally(TestNG.java:1109)
at org.testng.TestNG.runSuites(TestNG.java:1039)
at org.testng.TestNG.run(TestNG.java:1007)
at org.testng.IDEARemoteTestNG.run(IDEARemoteTestNG.java:73)
at org.testng.RemoteTestNGStarter.main(RemoteTestNGStarter.java:123)
]]>
            </full-stacktrace>
          </exception> <!-- java.lang.AssertionError -->
          <reporter-output>
          </reporter-output>
        </test-method> <!-- invalidDateTest -->
        <test-method signature="invalidDateTest(java.lang.String)[pri:0, instance:com.propine.tests.PropineDateTest@5ffead27]" started-at="2020-05-18T21:08:20 IST" name="invalidDateTest" data-provider="getInvalidData" finished-at="2020-05-18T21:08:21 IST" duration-ms="1429" status="FAIL">
          <params>
            <param index="0">
              <value>
                <![CDATA[Sun May 18,2020]]>
              </value>
            </param>
          </params>
          <exception class="java.lang.AssertionError">
            <message>
              <![CDATA[expected [Invalid date] but found [Mon May 18 2020 00:00:00 GMT+0000]]]>
            </message>
            <full-stacktrace>
              <![CDATA[java.lang.AssertionError: expected [Invalid date] but found [Mon May 18 2020 00:00:00 GMT+0000]
at org.testng.Assert.fail(Assert.java:97)
at org.testng.Assert.assertEqualsImpl(Assert.java:136)
at org.testng.Assert.assertEquals(Assert.java:118)
at org.testng.Assert.assertEquals(Assert.java:575)
at org.testng.Assert.assertEquals(Assert.java:585)
at com.propine.tests.PropineDateTest.invalidDateTest(PropineDateTest.java:95)
at java.base/jdk.internal.reflect.NativeMethodAccessorImpl.invoke0(Native Method)
at java.base/jdk.internal.reflect.NativeMethodAccessorImpl.invoke(NativeMethodAccessorImpl.java:62)
at java.base/jdk.internal.reflect.DelegatingMethodAccessorImpl.invoke(DelegatingMethodAccessorImpl.java:43)
at java.base/java.lang.reflect.Method.invoke(Method.java:566)
at org.testng.internal.MethodInvocationHelper.invokeMethod(MethodInvocationHelper.java:134)
at org.testng.internal.TestInvoker.invokeMethod(TestInvoker.java:597)
at org.testng.internal.TestInvoker.invokeTestMethod(TestInvoker.java:173)
at org.testng.internal.MethodRunner.runInSequence(MethodRunner.java:46)
at org.testng.internal.TestInvoker$MethodInvocationAgent.invoke(TestInvoker.java:816)
at org.testng.internal.TestInvoker.invokeTestMethods(TestInvoker.java:146)
at org.testng.internal.TestMethodWorker.invokeTestMethods(TestMethodWorker.java:146)
at org.testng.internal.TestMethodWorker.run(TestMethodWorker.java:128)
at java.base/java.util.ArrayList.forEach(ArrayList.java:1540)
at org.testng.TestRunner.privateRun(TestRunner.java:766)
at org.testng.TestRunner.run(TestRunner.java:587)
at org.testng.SuiteRunner.runTest(SuiteRunner.java:384)
at org.testng.SuiteRunner.runSequentially(SuiteRunner.java:378)
at org.testng.SuiteRunner.privateRun(SuiteRunner.java:337)
at org.testng.SuiteRunner.run(SuiteRunner.java:286)
at org.testng.SuiteRunnerWorker.runSuite(SuiteRunnerWorker.java:53)
at org.testng.SuiteRunnerWorker.run(SuiteRunnerWorker.java:96)
at org.testng.TestNG.runSuitesSequentially(TestNG.java:1187)
at org.testng.TestNG.runSuitesLocally(TestNG.java:1109)
at org.testng.TestNG.runSuites(TestNG.java:1039)
at org.testng.TestNG.run(TestNG.java:1007)
at org.testng.IDEARemoteTestNG.run(IDEARemoteTestNG.java:73)
at org.testng.RemoteTestNGStarter.main(RemoteTestNGStarter.java:123)
]]>
            </full-stacktrace>
          </exception> <!-- java.lang.AssertionError -->
          <reporter-output>
          </reporter-output>
        </test-method> <!-- invalidDateTest -->
        <test-method signature="invalidDateTest(java.lang.String)[pri:0, instance:com.propine.tests.PropineDateTest@5ffead27]" started-at="2020-05-18T21:08:21 IST" name="invalidDateTest" data-provider="getInvalidData" finished-at="2020-05-18T21:08:22 IST" duration-ms="1423" status="FAIL">
          <params>
            <param index="0">
              <value>
                <![CDATA[Feb 30,2020]]>
              </value>
            </param>
          </params>
          <exception class="java.lang.AssertionError">
            <message>
              <![CDATA[expected [Invalid date] but found [Sun Mar 01 2020 00:00:00 GMT+0000]]]>
            </message>
            <full-stacktrace>
              <![CDATA[java.lang.AssertionError: expected [Invalid date] but found [Sun Mar 01 2020 00:00:00 GMT+0000]
at org.testng.Assert.fail(Assert.java:97)
at org.testng.Assert.assertEqualsImpl(Assert.java:136)
at org.testng.Assert.assertEquals(Assert.java:118)
at org.testng.Assert.assertEquals(Assert.java:575)
at org.testng.Assert.assertEquals(Assert.java:585)
at com.propine.tests.PropineDateTest.invalidDateTest(PropineDateTest.java:95)
at java.base/jdk.internal.reflect.NativeMethodAccessorImpl.invoke0(Native Method)
at java.base/jdk.internal.reflect.NativeMethodAccessorImpl.invoke(NativeMethodAccessorImpl.java:62)
at java.base/jdk.internal.reflect.DelegatingMethodAccessorImpl.invoke(DelegatingMethodAccessorImpl.java:43)
at java.base/java.lang.reflect.Method.invoke(Method.java:566)
at org.testng.internal.MethodInvocationHelper.invokeMethod(MethodInvocationHelper.java:134)
at org.testng.internal.TestInvoker.invokeMethod(TestInvoker.java:597)
at org.testng.internal.TestInvoker.invokeTestMethod(TestInvoker.java:173)
at org.testng.internal.MethodRunner.runInSequence(MethodRunner.java:46)
at org.testng.internal.TestInvoker$MethodInvocationAgent.invoke(TestInvoker.java:816)
at org.testng.internal.TestInvoker.invokeTestMethods(TestInvoker.java:146)
at org.testng.internal.TestMethodWorker.invokeTestMethods(TestMethodWorker.java:146)
at org.testng.internal.TestMethodWorker.run(TestMethodWorker.java:128)
at java.base/java.util.ArrayList.forEach(ArrayList.java:1540)
at org.testng.TestRunner.privateRun(TestRunner.java:766)
at org.testng.TestRunner.run(TestRunner.java:587)
at org.testng.SuiteRunner.runTest(SuiteRunner.java:384)
at org.testng.SuiteRunner.runSequentially(SuiteRunner.java:378)
at org.testng.SuiteRunner.privateRun(SuiteRunner.java:337)
at org.testng.SuiteRunner.run(SuiteRunner.java:286)
at org.testng.SuiteRunnerWorker.runSuite(SuiteRunnerWorker.java:53)
at org.testng.SuiteRunnerWorker.run(SuiteRunnerWorker.java:96)
at org.testng.TestNG.runSuitesSequentially(TestNG.java:1187)
at org.testng.TestNG.runSuitesLocally(TestNG.java:1109)
at org.testng.TestNG.runSuites(TestNG.java:1039)
at org.testng.TestNG.run(TestNG.java:1007)
at org.testng.IDEARemoteTestNG.run(IDEARemoteTestNG.java:73)
at org.testng.RemoteTestNGStarter.main(RemoteTestNGStarter.java:123)
]]>
            </full-stacktrace>
          </exception> <!-- java.lang.AssertionError -->
          <reporter-output>
          </reporter-output>
        </test-method> <!-- invalidDateTest -->
        <test-method signature="invalidDateTest(java.lang.String)[pri:0, instance:com.propine.tests.PropineDateTest@5ffead27]" started-at="2020-05-18T21:08:22 IST" name="invalidDateTest" data-provider="getInvalidData" finished-at="2020-05-18T21:08:24 IST" duration-ms="1674" status="PASS">
          <params>
            <param index="0">
              <value>
                <![CDATA[2020/31/12]]>
              </value>
            </param>
          </params>
          <reporter-output>
          </reporter-output>
        </test-method> <!-- invalidDateTest -->
        <test-method signature="invalidDateTest(java.lang.String)[pri:0, instance:com.propine.tests.PropineDateTest@5ffead27]" started-at="2020-05-18T21:08:24 IST" name="invalidDateTest" data-provider="getInvalidData" finished-at="2020-05-18T21:08:26 IST" duration-ms="1472" status="PASS">
          <params>
            <param index="0">
              <value>
                <![CDATA[September]]>
              </value>
            </param>
          </params>
          <reporter-output>
          </reporter-output>
        </test-method> <!-- invalidDateTest -->
        <test-method is-config="true" signature="teardown()[pri:0, instance:com.propine.tests.PropineDateTest@5ffead27]" started-at="2020-05-18T21:08:26 IST" name="teardown" finished-at="2020-05-18T21:08:26 IST" duration-ms="80" status="PASS">
          <reporter-output>
          </reporter-output>
        </test-method> <!-- teardown -->
      </class> <!-- com.propine.tests.PropineDateTest -->
    </test> <!-- PropineDateTest -->
  </suite> <!-- Date Parser Test Suite -->
</testng-results>
