<?xml version="1.0" encoding="UTF-8"?>
<!-- Generated by org.testng.reporters.JUnitReportReporter -->
<testsuite hostname="administrators-MacBook-Pro-2.local" failures="0" tests="25" name="com.propine.tests.PropineDateTest" time="0.136" errors="1" timestamp="2020-05-18T21:23:19 IST" skipped="24">
  <testcase classname="com.propine.tests.PropineDateTest" name="validDateTest" time="0.000">
    <skipped/>
  </testcase> <!-- validDateTest -->
  <system-out/>
  <testcase classname="com.propine.tests.PropineDateTest" name="initialize" time="0.135">
    <error message="The path to the driver executable must be set by the webdriver.gecko.driver system property; for more information, see https://github.com/mozilla/geckodriver. The latest version can be downloaded from https://github.com/mozilla/geckodriver/releases" type="java.lang.IllegalStateException">
      <![CDATA[java.lang.IllegalStateException: The path to the driver executable must be set by the webdriver.gecko.driver system property; for more information, see https://github.com/mozilla/geckodriver. The latest version can be downloaded from https://github.com/mozilla/geckodriver/releases
at com.google.common.base.Preconditions.checkState(Preconditions.java:754)
at org.openqa.selenium.remote.service.DriverService.findExecutable(DriverService.java:124)
at org.openqa.selenium.firefox.GeckoDriverService.access$100(GeckoDriverService.java:40)
at org.openqa.selenium.firefox.GeckoDriverService$Builder.findDefaultExecutable(GeckoDriverService.java:114)
at org.openqa.selenium.remote.service.DriverService$Builder.build(DriverService.java:329)
at org.openqa.selenium.firefox.FirefoxDriver.toExecutor(FirefoxDriver.java:150)
at org.openqa.selenium.firefox.FirefoxDriver.<init>(FirefoxDriver.java:120)
at org.openqa.selenium.firefox.FirefoxDriver.<init>(FirefoxDriver.java:98)
at common.Base.initializeDriver(Base.java:36)
at com.propine.tests.PropineDateTest.initialize(PropineDateTest.java:16)
at java.base/jdk.internal.reflect.NativeMethodAccessorImpl.invoke0(Native Method)
at java.base/jdk.internal.reflect.NativeMethodAccessorImpl.invoke(NativeMethodAccessorImpl.java:62)
at java.base/jdk.internal.reflect.DelegatingMethodAccessorImpl.invoke(DelegatingMethodAccessorImpl.java:43)
at java.base/java.lang.reflect.Method.invoke(Method.java:566)
at org.testng.internal.MethodInvocationHelper.invokeMethod(MethodInvocationHelper.java:134)
at org.testng.internal.MethodInvocationHelper.invokeMethodConsideringTimeout(MethodInvocationHelper.java:63)
at org.testng.internal.ConfigInvoker.invokeConfigurationMethod(ConfigInvoker.java:348)
at org.testng.internal.ConfigInvoker.invokeConfigurations(ConfigInvoker.java:302)
at org.testng.TestRunner.invokeTestConfigurations(TestRunner.java:619)
at org.testng.TestRunner.beforeRun(TestRunner.java:609)
at org.testng.TestRunner.run(TestRunner.java:580)
at org.testng.SuiteRunner.runTest(SuiteRunner.java:384)
at org.testng.SuiteRunner.runSequentially(SuiteRunner.java:378)
at org.testng.SuiteRunner.privateRun(SuiteRunner.java:337)
at org.testng.SuiteRunner.run(SuiteRunner.java:286)
at org.testng.SuiteRunnerWorker.runSuite(SuiteRunnerWorker.java:53)
at org.testng.SuiteRunnerWorker.run(SuiteRunnerWorker.java:96)
at org.testng.TestNG.runSuitesSequentially(TestNG.java:1187)
at org.testng.TestNG.runSuitesLocally(TestNG.java:1109)
at org.testng.TestNG.runSuites(TestNG.java:1039)
at org.testng.TestNG.run(TestNG.java:1007)
at org.apache.maven.surefire.testng.TestNGExecutor.run(TestNGExecutor.java:77)
at org.apache.maven.surefire.testng.TestNGDirectoryTestSuite.execute(TestNGDirectoryTestSuite.java:110)
at org.apache.maven.surefire.testng.TestNGProvider.invoke(TestNGProvider.java:106)
at java.base/jdk.internal.reflect.NativeMethodAccessorImpl.invoke0(Native Method)
at java.base/jdk.internal.reflect.NativeMethodAccessorImpl.invoke(NativeMethodAccessorImpl.java:62)
at java.base/jdk.internal.reflect.DelegatingMethodAccessorImpl.invoke(DelegatingMethodAccessorImpl.java:43)
at java.base/java.lang.reflect.Method.invoke(Method.java:566)
at org.apache.maven.surefire.util.ReflectionUtils.invokeMethodWithArray(ReflectionUtils.java:189)
at org.apache.maven.surefire.booter.ProviderFactory$ProviderProxy.invoke(ProviderFactory.java:165)
at org.apache.maven.surefire.booter.ProviderFactory.invokeProvider(ProviderFactory.java:85)
at org.apache.maven.surefire.booter.ForkedBooter.runSuitesInProcess(ForkedBooter.java:115)
at org.apache.maven.surefire.booter.ForkedBooter.main(ForkedBooter.java:75)
]]>
    </error>
  </testcase> <!-- initialize -->
  <system-out/>
  <testcase classname="com.propine.tests.PropineDateTest" name="invalidDateTest" time="0.000">
    <skipped/>
  </testcase> <!-- invalidDateTest -->
  <system-out/>
  <testcase classname="com.propine.tests.PropineDateTest" name="validDateTest" time="0.000">
    <skipped/>
  </testcase> <!-- validDateTest -->
  <system-out/>
  <testcase classname="com.propine.tests.PropineDateTest" name="validDateTest" time="0.000">
    <skipped/>
  </testcase> <!-- validDateTest -->
  <system-out/>
  <testcase classname="com.propine.tests.PropineDateTest" name="validDateTest" time="0.000">
    <skipped/>
  </testcase> <!-- validDateTest -->
  <system-out/>
  <testcase classname="com.propine.tests.PropineDateTest" name="validDateTest" time="0.000">
    <skipped/>
  </testcase> <!-- validDateTest -->
  <system-out/>
  <testcase classname="com.propine.tests.PropineDateTest" name="invalidDateTest" time="0.000">
    <skipped/>
  </testcase> <!-- invalidDateTest -->
  <system-out/>
  <testcase classname="com.propine.tests.PropineDateTest" name="validDateTest" time="0.000">
    <skipped/>
  </testcase> <!-- validDateTest -->
  <system-out/>
  <testcase classname="com.propine.tests.PropineDateTest" name="validDateTest" time="0.000">
    <skipped/>
  </testcase> <!-- validDateTest -->
  <system-out/>
  <testcase classname="com.propine.tests.PropineDateTest" name="invalidDateTest" time="0.000">
    <skipped/>
  </testcase> <!-- invalidDateTest -->
  <system-out/>
  <testcase classname="com.propine.tests.PropineDateTest" name="invalidDateTest" time="0.000">
    <skipped/>
  </testcase> <!-- invalidDateTest -->
  <system-out/>
  <testcase classname="com.propine.tests.PropineDateTest" name="invalidDateTest" time="0.000">
    <skipped/>
  </testcase> <!-- invalidDateTest -->
  <system-out/>
  <testcase classname="com.propine.tests.PropineDateTest" name="invalidDateTest" time="0.000">
    <skipped/>
  </testcase> <!-- invalidDateTest -->
  <system-out/>
  <testcase classname="com.propine.tests.PropineDateTest" name="validDateTest" time="0.000">
    <skipped/>
  </testcase> <!-- validDateTest -->
  <system-out/>
  <testcase classname="com.propine.tests.PropineDateTest" name="validDateTest" time="0.000">
    <skipped/>
  </testcase> <!-- validDateTest -->
  <system-out/>
  <testcase classname="com.propine.tests.PropineDateTest" name="validDateTest" time="0.000">
    <skipped/>
  </testcase> <!-- validDateTest -->
  <system-out/>
  <testcase classname="com.propine.tests.PropineDateTest" name="validDateTest" time="0.000">
    <skipped/>
  </testcase> <!-- validDateTest -->
  <system-out/>
  <testcase classname="com.propine.tests.PropineDateTest" name="validDateTest" time="0.000">
    <skipped/>
  </testcase> <!-- validDateTest -->
  <system-out/>
  <testcase classname="com.propine.tests.PropineDateTest" name="validDateTest" time="0.000">
    <skipped/>
  </testcase> <!-- validDateTest -->
  <system-out/>
  <testcase classname="com.propine.tests.PropineDateTest" name="validDateTest" time="0.001">
    <skipped/>
  </testcase> <!-- validDateTest -->
  <system-out/>
  <testcase classname="com.propine.tests.PropineDateTest" name="invalidDateTest" time="0.000">
    <skipped/>
  </testcase> <!-- invalidDateTest -->
  <system-out/>
  <testcase classname="com.propine.tests.PropineDateTest" name="invalidDateTest" time="0.000">
    <skipped/>
  </testcase> <!-- invalidDateTest -->
  <system-out/>
  <testcase classname="com.propine.tests.PropineDateTest" name="validDateTest" time="0.000">
    <skipped/>
  </testcase> <!-- validDateTest -->
  <system-out/>
  <testcase classname="com.propine.tests.PropineDateTest" name="invalidDateTest" time="0.000">
    <skipped/>
  </testcase> <!-- invalidDateTest -->
  <system-out/>
</testsuite> <!-- com.propine.tests.PropineDateTest -->
